[16:35:17] [ServerMain/INFO]: Environment: Environment[sessionHost=https://sessionserver.mojang.com, servicesHost=https://api.minecraftservices.com, name=PROD]
[16:35:19] [ServerMain/INFO]: Loaded 1290 recipes
[16:35:20] [Server thread/INFO]: Starting minecraft server version 1.21
[16:35:20] [Server thread/INFO]: Loading properties
[16:35:20] [Server thread/INFO]: This server is running CraftBukkit version 4226-Spigot-146439e-2889b3a (MC: 1.21) (Implementing API version 1.21-R0.1-SNAPSHOT)
[16:35:20] [Server thread/INFO]: Server Ping Player Sample Count: 12
[16:35:20] [Server thread/INFO]: Using 4 threads for Netty based IO
[16:35:20] [Server thread/INFO]: Debug logging is disabled
[16:35:20] [Server thread/INFO]: Default game type: SURVIVAL
[16:35:20] [Server thread/INFO]: Generating keypair
[16:35:20] [Server thread/INFO]: Starting Minecraft server on *:25565
[16:35:21] [Server thread/INFO]: Using epoll channel type
[16:35:21] [Server thread/ERROR]: Could not load 'plugins/BedrockPlayerManagerProxy-1.2.jar'
org.bukkit.plugin.InvalidDescriptionException: Invalid plugin.yml
	at org.bukkit.plugin.java.JavaPluginLoader.getPluginDescription(JavaPluginLoader.java:170) ~[spigot-api-1.21-R0.1-SNAPSHOT.jar:?]
	at org.bukkit.plugin.SimplePluginManager.loadPlugins(SimplePluginManager.java:158) ~[spigot-api-1.21-R0.1-SNAPSHOT.jar:?]
	at org.bukkit.plugin.SimplePluginManager.loadPlugins(SimplePluginManager.java:122) ~[spigot-api-1.21-R0.1-SNAPSHOT.jar:?]
	at org.bukkit.craftbukkit.v1_21_R1.CraftServer.loadPlugins(CraftServer.java:456) ~[spigot-1.21-R0.1-SNAPSHOT.jar:4226-Spigot-146439e-2889b3a]
	at net.minecraft.server.dedicated.DedicatedServer.e(DedicatedServer.java:236) ~[spigot-1.21-R0.1-SNAPSHOT.jar:4226-Spigot-146439e-2889b3a]
	at net.minecraft.server.MinecraftServer.y(MinecraftServer.java:1017) ~[spigot-1.21-R0.1-SNAPSHOT.jar:4226-Spigot-146439e-2889b3a]
	at net.minecraft.server.MinecraftServer.lambda$spin$0(MinecraftServer.java:318) ~[spigot-1.21-R0.1-SNAPSHOT.jar:4226-Spigot-146439e-2889b3a]
	at java.base/java.lang.Thread.run(Thread.java:1583) [?:?]
Caused by: java.io.FileNotFoundException: Jar does not contain plugin.yml
	... 8 more
[16:35:22] [Server thread/INFO]: [ClearLag] Loading ClearLag v3.2.2
[16:35:22] [Server thread/INFO]: [RedProtect] Loading RedProtect v8.1.2-SNAPSHOT
[16:35:22] [Server thread/INFO]: [ViaVersion] Loading ViaVersion v5.1.1
[16:35:22] [Server thread/INFO]: [ViaVersion] ViaVersion 5.1.1 is now loaded. Registering protocol transformers and injecting...
[16:35:23] [Via-Mappingloader-0/INFO]: [ViaVersion] Loading block connection mappings ...
[16:35:23] [Via-Mappingloader-0/INFO]: [ViaVersion] Using FastUtil Long2ObjectOpenHashMap for block connections
[16:35:23] [Server thread/INFO]: [floodgate] Loading floodgate v2.2.3-SNAPSHOT (b114-83fbd6e)
[16:35:24] [Server thread/WARN]: [floodgate] en_ is not a supported Floodgate language.
[16:35:24] [Server thread/INFO]: [floodgate] Took 950ms to boot Floodgate
[16:35:24] [Server thread/INFO]: [Geyser-Spigot] Loading Geyser-Spigot v2.5.0-SNAPSHOT
[16:35:25] [Server thread/INFO]: [Geyser-Spigot] Loading extensions...
[16:35:25] [Server thread/INFO]: [Geyser-Spigot] Loaded 0 extension(s)
[16:35:25] [Server thread/WARN]: **** SERVER IS RUNNING IN OFFLINE/INSECURE MODE!
[16:35:25] [Server thread/WARN]: The server will make no attempt to authenticate usernames. Beware.
[16:35:25] [Server thread/WARN]: While this makes the game possible to play without internet access, it also opens up the ability for hackers to connect with any username they choose.
[16:35:25] [Server thread/WARN]: To change this, set "online-mode" to "true" in the server.properties file.
[16:35:25] [Server thread/INFO]: Preparing level "world"
[16:35:26] [Server thread/INFO]: -------- World Settings For [world] --------
[16:35:26] [Server thread/INFO]: Cactus Growth Modifier: 100%
[16:35:26] [Server thread/INFO]: Cane Growth Modifier: 100%
[16:35:26] [Server thread/INFO]: Melon Growth Modifier: 100%
[16:35:26] [Server thread/INFO]: Mushroom Growth Modifier: 100%
[16:35:26] [Server thread/INFO]: Pumpkin Growth Modifier: 100%
[16:35:26] [Server thread/INFO]: Sapling Growth Modifier: 100%
[16:35:26] [Server thread/INFO]: Beetroot Growth Modifier: 100%
[16:35:26] [Server thread/INFO]: Carrot Growth Modifier: 100%
[16:35:26] [Server thread/INFO]: Potato Growth Modifier: 100%
[16:35:26] [Server thread/INFO]: Wheat Growth Modifier: 100%
[16:35:26] [Server thread/INFO]: NetherWart Growth Modifier: 100%
[16:35:26] [Server thread/INFO]: Vine Growth Modifier: 100%
[16:35:26] [Server thread/INFO]: Cocoa Growth Modifier: 100%
[16:35:26] [Server thread/INFO]: Bamboo Growth Modifier: 100%
[16:35:26] [Server thread/INFO]: SweetBerry Growth Modifier: 100%
[16:35:26] [Server thread/INFO]: Kelp Growth Modifier: 100%
[16:35:26] [Server thread/INFO]: TwistingVines Growth Modifier: 100%
[16:35:26] [Server thread/INFO]: WeepingVines Growth Modifier: 100%
[16:35:26] [Server thread/INFO]: CaveVines Growth Modifier: 100%
[16:35:26] [Server thread/INFO]: Entity Activation Range: An 32 / Mo 32 / Ra 48 / Mi 16 / Tiv true / Isa false
[16:35:26] [Server thread/INFO]: Entity Tracking Range: Pl 48 / An 48 / Mo 48 / Mi 32 / Di 128 / Other 64
[16:35:26] [Server thread/INFO]: Hopper Transfer: 8 Hopper Check: 1 Hopper Amount: 1 Hopper Can Load Chunks: false
[16:35:26] [Server thread/INFO]: Mob Spawn Range: 6
[16:35:26] [Server thread/INFO]: Experience Merge Radius: 3.0
[16:35:26] [Server thread/INFO]: Custom Map Seeds:  Village: 10387312 Desert: 14357617 Igloo: 14357618 Jungle: 14357619 Swamp: 14357620 Monument: 10387313 Ocean: 14357621 Shipwreck: 165745295 End City: 10387313 Slime: 987234911 Nether: 30084232 Mansion: 10387319 Fossil: 14357921 Portal: 34222645
[16:35:26] [Server thread/INFO]: Max TNT Explosions: 100
[16:35:26] [Server thread/INFO]: Tile Max Tick Time: 50ms Entity max Tick Time: 50ms
[16:35:26] [Server thread/INFO]: View Distance: 10
[16:35:26] [Server thread/INFO]: Simulation Distance: 10
[16:35:26] [Server thread/INFO]: Item Despawn Rate: 6000
[16:35:26] [Server thread/INFO]: Item Merge Radius: 2.5
[16:35:26] [Server thread/INFO]: Allow Zombie Pigmen to spawn from portal blocks: true
[16:35:26] [Server thread/INFO]: Arrow Despawn Rate: 1200 Trident Respawn Rate:1200
[16:35:26] [Server thread/INFO]: Zombie Aggressive Towards Villager: true
[16:35:26] [Server thread/INFO]: Nerfing mobs spawned from spawners: false
[16:35:26] [Server thread/INFO]: -------- World Settings For [world_nether] --------
[16:35:26] [Server thread/INFO]: Cactus Growth Modifier: 100%
[16:35:26] [Server thread/INFO]: Cane Growth Modifier: 100%
[16:35:26] [Server thread/INFO]: Melon Growth Modifier: 100%
[16:35:26] [Server thread/INFO]: Mushroom Growth Modifier: 100%
[16:35:26] [Server thread/INFO]: Pumpkin Growth Modifier: 100%
[16:35:26] [Server thread/INFO]: Sapling Growth Modifier: 100%
[16:35:26] [Server thread/INFO]: Beetroot Growth Modifier: 100%
[16:35:26] [Server thread/INFO]: Carrot Growth Modifier: 100%
[16:35:26] [Server thread/INFO]: Potato Growth Modifier: 100%
[16:35:26] [Server thread/INFO]: Wheat Growth Modifier: 100%
[16:35:26] [Server thread/INFO]: NetherWart Growth Modifier: 100%
[16:35:26] [Server thread/INFO]: Vine Growth Modifier: 100%
[16:35:26] [Server thread/INFO]: Cocoa Growth Modifier: 100%
[16:35:26] [Server thread/INFO]: Bamboo Growth Modifier: 100%
[16:35:26] [Server thread/INFO]: SweetBerry Growth Modifier: 100%
[16:35:26] [Server thread/INFO]: Kelp Growth Modifier: 100%
[16:35:26] [Server thread/INFO]: TwistingVines Growth Modifier: 100%
[16:35:26] [Server thread/INFO]: WeepingVines Growth Modifier: 100%
[16:35:26] [Server thread/INFO]: CaveVines Growth Modifier: 100%
[16:35:26] [Server thread/INFO]: Entity Activation Range: An 32 / Mo 32 / Ra 48 / Mi 16 / Tiv true / Isa false
[16:35:26] [Server thread/INFO]: Entity Tracking Range: Pl 48 / An 48 / Mo 48 / Mi 32 / Di 128 / Other 64
[16:35:26] [Server thread/INFO]: Hopper Transfer: 8 Hopper Check: 1 Hopper Amount: 1 Hopper Can Load Chunks: false
[16:35:26] [Server thread/INFO]: Mob Spawn Range: 6
[16:35:26] [Server thread/INFO]: Experience Merge Radius: 3.0
[16:35:26] [Server thread/INFO]: Custom Map Seeds:  Village: 10387312 Desert: 14357617 Igloo: 14357618 Jungle: 14357619 Swamp: 14357620 Monument: 10387313 Ocean: 14357621 Shipwreck: 165745295 End City: 10387313 Slime: 987234911 Nether: 30084232 Mansion: 10387319 Fossil: 14357921 Portal: 34222645
[16:35:26] [Server thread/INFO]: Max TNT Explosions: 100
[16:35:26] [Server thread/INFO]: Tile Max Tick Time: 50ms Entity max Tick Time: 50ms
[16:35:26] [Server thread/INFO]: View Distance: 10
[16:35:26] [Server thread/INFO]: Simulation Distance: 10
[16:35:26] [Server thread/INFO]: Item Despawn Rate: 6000
[16:35:26] [Server thread/INFO]: Item Merge Radius: 2.5
[16:35:26] [Server thread/INFO]: Allow Zombie Pigmen to spawn from portal blocks: true
[16:35:26] [Server thread/INFO]: Arrow Despawn Rate: 1200 Trident Respawn Rate:1200
[16:35:26] [Server thread/INFO]: Zombie Aggressive Towards Villager: true
[16:35:26] [Server thread/INFO]: Nerfing mobs spawned from spawners: false
[16:35:28] [Server thread/INFO]: -------- World Settings For [world_the_end] --------
[16:35:28] [Server thread/INFO]: Cactus Growth Modifier: 100%
[16:35:28] [Server thread/INFO]: Cane Growth Modifier: 100%
[16:35:28] [Server thread/INFO]: Melon Growth Modifier: 100%
[16:35:28] [Server thread/INFO]: Mushroom Growth Modifier: 100%
[16:35:28] [Server thread/INFO]: Pumpkin Growth Modifier: 100%
[16:35:28] [Server thread/INFO]: Sapling Growth Modifier: 100%
[16:35:28] [Server thread/INFO]: Beetroot Growth Modifier: 100%
[16:35:28] [Server thread/INFO]: Carrot Growth Modifier: 100%
[16:35:28] [Server thread/INFO]: Potato Growth Modifier: 100%
[16:35:28] [Server thread/INFO]: Wheat Growth Modifier: 100%
[16:35:28] [Server thread/INFO]: NetherWart Growth Modifier: 100%
[16:35:28] [Server thread/INFO]: Vine Growth Modifier: 100%
[16:35:28] [Server thread/INFO]: Cocoa Growth Modifier: 100%
[16:35:28] [Server thread/INFO]: Bamboo Growth Modifier: 100%
[16:35:28] [Server thread/INFO]: SweetBerry Growth Modifier: 100%
[16:35:28] [Server thread/INFO]: Kelp Growth Modifier: 100%
[16:35:28] [Server thread/INFO]: TwistingVines Growth Modifier: 100%
[16:35:28] [Server thread/INFO]: WeepingVines Growth Modifier: 100%
[16:35:28] [Server thread/INFO]: CaveVines Growth Modifier: 100%
[16:35:28] [Server thread/INFO]: Entity Activation Range: An 32 / Mo 32 / Ra 48 / Mi 16 / Tiv true / Isa false
[16:35:28] [Server thread/INFO]: Entity Tracking Range: Pl 48 / An 48 / Mo 48 / Mi 32 / Di 128 / Other 64
[16:35:28] [Server thread/INFO]: Hopper Transfer: 8 Hopper Check: 1 Hopper Amount: 1 Hopper Can Load Chunks: false
[16:35:28] [Server thread/INFO]: Mob Spawn Range: 6
[16:35:28] [Server thread/INFO]: Experience Merge Radius: 3.0
[16:35:28] [Server thread/INFO]: Custom Map Seeds:  Village: 10387312 Desert: 14357617 Igloo: 14357618 Jungle: 14357619 Swamp: 14357620 Monument: 10387313 Ocean: 14357621 Shipwreck: 165745295 End City: 10387313 Slime: 987234911 Nether: 30084232 Mansion: 10387319 Fossil: 14357921 Portal: 34222645
[16:35:28] [Server thread/INFO]: Max TNT Explosions: 100
[16:35:28] [Server thread/INFO]: Tile Max Tick Time: 50ms Entity max Tick Time: 50ms
[16:35:28] [Server thread/INFO]: View Distance: 10
[16:35:28] [Server thread/INFO]: Simulation Distance: 10
[16:35:28] [Server thread/INFO]: Item Despawn Rate: 6000
[16:35:28] [Server thread/INFO]: Item Merge Radius: 2.5
[16:35:28] [Server thread/INFO]: Allow Zombie Pigmen to spawn from portal blocks: true
[16:35:28] [Server thread/INFO]: Arrow Despawn Rate: 1200 Trident Respawn Rate:1200
[16:35:28] [Server thread/INFO]: Zombie Aggressive Towards Villager: true
[16:35:28] [Server thread/INFO]: Nerfing mobs spawned from spawners: false
[16:35:28] [Server thread/INFO]: Preparing start region for dimension minecraft:overworld
[16:35:28] [Worker-Main-3/INFO]: Preparing spawn area: 0%
[16:35:28] [Server thread/INFO]: Time elapsed: 616 ms
[16:35:29] [Server thread/INFO]: Preparing start region for dimension minecraft:the_nether
[16:35:29] [Worker-Main-3/INFO]: Preparing spawn area: 0%
[16:35:29] [Server thread/INFO]: Time elapsed: 153 ms
[16:35:29] [Server thread/INFO]: Preparing start region for dimension minecraft:the_end
[16:35:29] [Worker-Main-1/INFO]: Preparing spawn area: 0%
[16:35:29] [Server thread/INFO]: Time elapsed: 147 ms
[16:35:29] [Server thread/INFO]: [ClearLag] Enabling ClearLag v3.2.2
[16:35:29] [Server thread/INFO]: [ClearLag] Using version-adapter: LatestVersionAdapter
[16:35:29] [Server thread/INFO]: [ClearLag] Loading modules...
[16:35:29] [Server thread/WARN]: [ClearLag] Clearlag failed to use the internal TPS tracker during initialization. Reverted to estimation... (net.minecraft.server.v1_21_R1.MinecraftServer)
[16:35:29] [Server thread/INFO]: [ClearLag] Modules enabed, loading config values
[16:35:29] [Server thread/INFO]: [ClearLag] Modules have been loaded!
[16:35:29] [Server thread/INFO]: [ClearLag] Clearlag is now enabled!
[16:35:29] [Server thread/INFO]: [RedProtect] Enabling RedProtect v8.1.2-SNAPSHOT
[16:35:29] [Thread-8/INFO]: [ClearLag] Checking for updates compatible with your bukkit version [1.21]...
[16:35:29] [Thread-8/INFO]: [ClearLag] No updates found!
[16:35:29] [Server thread/INFO]: [RedProtect] Server version: 1.21-R0.1-SNAPSHOT[m
[16:35:30] [Server thread/INFO]: [RedProtect] All configurations loaded![m
[16:35:30] [Server thread/INFO]: [RedProtect] Language file loaded - Using: EN-US[m
[16:35:30] [Server thread/INFO]: [RedProtect] Registering commands...[m
[16:35:30] [Server thread/INFO]: [RedProtect] Registering listeners...[m
[16:35:30] [Server thread/INFO]: [RedProtect] - Loading world's regions...[m
[16:35:30] [Server thread/INFO]: [RedProtect] - Loading world_nether's regions...[m
[16:35:30] [Server thread/INFO]: [RedProtect] - Loading world_the_end's regions...[m
[16:35:30] [Server thread/INFO]: [RedProtect] Auto-save Scheduler: Saving file database every 60 minutes![m
[16:35:30] [Server thread/INFO]: [RedProtect] There are 0 regions on (file) database![m
[16:35:30] [Server thread/INFO]: [RedProtect] Helper version: Latest[m
[16:35:30] [Server thread/INFO]: [RedProtect] Loading GuiFlags for 1.14+[m
[16:35:30] [Server thread/INFO]: [RedProtect] Metrics enabled! See our stats here: https://bstats.org/plugin/bukkit/RedProtect[m
[16:35:30] [Server thread/INFO]: [RedProtect] Loading API...[m
[16:35:30] [Server thread/INFO]: [RedProtect] API Loaded![m
[16:35:30] [Server thread/INFO]: [0;31;22m _   _  _  [0;31;1m _   _   _  _ _  _  _ _ _  _[m
[16:35:30] [Server thread/INFO]: [0;31;22m|_| |_ | \ [0;31;1m|_| |_| | |  |  |_ |   |  |_|[m
[16:35:30] [Server thread/INFO]: [0;31;22m| \ |_ |_/ [0;31;1m|   | \ |_|  |  |_ |_  |  |_|[m
[16:35:30] [Server thread/INFO]: [0;32;1m» RedProtect v8.1.2-SNAPSHOT enabled[m
[16:35:30] [Server thread/INFO]: [m
[16:35:30] [Server thread/INFO]: [ViaVersion] Enabling ViaVersion v5.1.1
[16:35:30] [Server thread/INFO]: [ViaVersion] ViaVersion detected server version: 1.21-1.21.1 (767)
[16:35:30] [Server thread/INFO]: [floodgate] Enabling floodgate v2.2.3-SNAPSHOT (b114-83fbd6e)
[16:35:31] [Server thread/INFO]: [Geyser-Spigot] Enabling Geyser-Spigot v2.5.0-SNAPSHOT
[16:35:31] [Server thread/INFO]: Server permissions file permissions.yml is empty, ignoring it
[16:35:31] [Server thread/INFO]: [Geyser-Spigot] ******************************************
[16:35:31] [Server thread/INFO]: [Geyser-Spigot] 
[16:35:31] [Server thread/INFO]: [Geyser-Spigot] Loading Geyser version 2.5.0-b720 (git-master-c240c1c)
[16:35:31] [Server thread/INFO]: [Geyser-Spigot] 
[16:35:31] [Server thread/INFO]: [Geyser-Spigot] ******************************************
[16:35:37] [epollEventLoopGroup-3-1/INFO]: [Geyser-Spigot] Started Geyser on UDP port 42180
[16:35:37] [Server thread/INFO]: [Geyser-Spigot] Done (5.526s)! Run /geyser help for help!
[16:35:37] [Server thread/INFO]: Done (11.371s)! For help, type "help"
[16:35:37] [Craft Scheduler Thread - 1/INFO]: [ViaVersion] Finished mapping loading, shutting down loader executor.
[16:35:56] [epollEventLoopGroup-4-1/INFO]: [Geyser-Spigot] Player connected with username BryanGamer99764
[16:35:56] [localSession-7-2/INFO]: [Geyser-Spigot] BryanGamer99764 (logged in as: BryanGamer99764) has connected to the Java server
[16:35:57] [Server thread/INFO]: [floodgate] Floodgate player logged in as .BryanGamer99764 joined (UUID: 00000000-0000-0000-0009-01f170c662f0)
[16:35:57] [Server thread/INFO]: .BryanGamer99764 joined the game
[16:35:57] [Server thread/INFO]: .BryanGamer99764[/127.0.0.1:0] logged in with entity id 51 at ([world]100.4509577936151, 78.0, 89.5472563695192)
[16:40:39] [Server thread/INFO]: .BryanGamer99764 has made the advancement [Stone Age]
[16:41:27] [localSession-7-2/INFO]: [Geyser-Spigot] BryanGamer99764 has disconnected from the Java server because of Bedrock client disconnected
[16:41:27] [Geyser Spigot connection thread-6-3/INFO]: [floodgate] Floodgate player logged in as .BryanGamer99764 disconnected
[16:41:27] [Server thread/INFO]: .BryanGamer99764 lost connection: Disconnected
[16:41:27] [Server thread/INFO]: .BryanGamer99764 left the game
[16:41:33] [Server thread/INFO]: Stopping the server
[16:41:33] [Server thread/INFO]: Stopping server
[16:41:33] [Server thread/INFO]: [Geyser-Spigot] Disabling Geyser-Spigot v2.5.0-SNAPSHOT
[16:41:33] [Server thread/INFO]: [Geyser-Spigot] Shutting down Geyser.
[16:41:34] [Server thread/INFO]: [Geyser-Spigot] Geyser shutdown successfully.
[16:41:34] [Server thread/INFO]: [floodgate] Disabling floodgate v2.2.3-SNAPSHOT (b114-83fbd6e)
[16:41:34] [Server thread/INFO]: [ViaVersion] Disabling ViaVersion v5.1.1
[16:41:34] [Server thread/INFO]: [ViaVersion] ViaVersion is disabling. If this is a reload and you experience issues, please reboot instead.
[16:41:34] [Server thread/INFO]: [ViaVersion] Empty pipeline, nothing to uninject
[16:41:34] [Server thread/INFO]: [ViaVersion] ViaVersion has been disabled; uninjected the platform and shut down the scheduler.
[16:41:34] [Server thread/INFO]: [RedProtect] Disabling RedProtect v8.1.2-SNAPSHOT
[16:41:34] [Server thread/INFO]: [RedProtect] Saving world's regions...[m
[16:41:34] [Server thread/INFO]: [RedProtect] Saving world_the_end's regions...[m
[16:41:34] [Server thread/INFO]: [RedProtect] Saving world_nether's regions...[m
[16:41:34] [Server thread/INFO]: [RedProtect] Unregistering listeners...[m
[16:41:34] [Server thread/INFO]: [RedProtect] RedProtect v8.1.2-SNAPSHOT turned off...[m
[16:41:34] [Server thread/INFO]: [ClearLag] Disabling ClearLag v3.2.2
[16:41:34] [Server thread/INFO]: [ClearLag] Clearlag is now disabled!
[16:41:34] [Server thread/INFO]: Saving players
[16:41:34] [WebSocketConnectReadThread-78/INFO]: [Geyser-Spigot] The skin uploader has been closed
[16:41:34] [Server thread/INFO]: Saving worlds
[16:41:34] [Server thread/INFO]: Saving chunks for level 'ServerLevel[world]'/minecraft:overworld
[16:41:34] [Server thread/INFO]: Saving chunks for level 'ServerLevel[world_nether]'/minecraft:the_nether
[16:41:34] [Server thread/INFO]: Saving chunks for level 'ServerLevel[world_the_end]'/minecraft:the_end
[16:41:34] [Server thread/INFO]: ThreadedAnvilChunkStorage (world): All chunks are saved
[16:41:34] [Server thread/INFO]: ThreadedAnvilChunkStorage (DIM-1): All chunks are saved
[16:41:34] [Server thread/INFO]: ThreadedAnvilChunkStorage (DIM1): All chunks are saved
[16:41:34] [Server thread/INFO]: ThreadedAnvilChunkStorage: All dimensions are saved
